<?xml version="1.0" encoding="UTF-8"?>
<testsuite name="org.neo4j.collection.primitive.hopscotch.PrimitiveLongMapTest" time="0.104" tests="25" errors="0" skipped="0" failures="0">
  <properties>
[...]
</properties>
  <testcase name="shouldMoveValuesWhenMovingEntriesAround" classname="org.neo4j.collection.primitive.hopscotch.PrimitiveLongMapTest" time="0.001"/>
  <testcase name="shouldContainAddedValues" classname="org.neo4j.collection.primitive.hopscotch.PrimitiveLongMapTest" time="0.001"/>
  <testcase name="intObjectEntryVisitorShouldNotSeeEntriesAfterRequestingBreakOut" classname="org.neo4j.collection.primitive.hopscotch.PrimitiveLongMapTest" time="0.004"/>
  <testcase name="longIntEntryVisitorShouldSeeAllEntriesIfItDoesNotBreakOut" classname="org.neo4j.collection.primitive.hopscotch.PrimitiveLongMapTest" time="0.008"/>
  <testcase name="intObjectKeyVisitorShouldNotSeeEntriesAfterRequestingBreakOut" classname="org.neo4j.collection.primitive.hopscotch.PrimitiveLongMapTest" time="0.001"/>
  <testcase name="longObjectKeyVisitorShouldNotSeeEntriesAfterRequestingBreakOut" classname="org.neo4j.collection.primitive.hopscotch.PrimitiveLongMapTest" time="0.001"/>
  <testcase name="longLongEntryVisitorShouldNotSeeEntriesAfterRequestingBreakOut" classname="org.neo4j.collection.primitive.hopscotch.PrimitiveLongMapTest" time="0.011"/>
  <testcase name="shouldOnlyContainAddedValues" classname="org.neo4j.collection.primitive.hopscotch.PrimitiveLongMapTest" time="0.001"/>
  <testcase name="longIntEntryVisitorShouldNotSeeEntriesAfterRequestingBreakOut" classname="org.neo4j.collection.primitive.hopscotch.PrimitiveLongMapTest" time="0"/>
  <testcase name="intObjectEntryVisitorShouldSeeAllEntriesIfItDoesNotBreakOut" classname="org.neo4j.collection.primitive.hopscotch.PrimitiveLongMapTest" time="0.008"/>
  <testcase name="intObjectKeyVisitorShouldSeeAllEntriesIfItDoesNotBreakOut" classname="org.neo4j.collection.primitive.hopscotch.PrimitiveLongMapTest" time="0.008"/>
  <testcase name="longObjectEntryVisitorShouldSeeAllEntriesIfItDoesNotBreakOut" classname="org.neo4j.collection.primitive.hopscotch.PrimitiveLongMapTest" time="0.005"/>
  <testcase name="longObjectEntryVisitorShouldNotSeeEntriesAfterRequestingBreakOut" classname="org.neo4j.collection.primitive.hopscotch.PrimitiveLongMapTest" time="0"/>
  <testcase name="longIntKeyVisitorShouldSeeAllEntriesIfItDoesNotBreakOut" classname="org.neo4j.collection.primitive.hopscotch.PrimitiveLongMapTest" time="0.004"/>
  <testcase name="longLongKeyVisitorShouldNotSeeEntriesAfterRequestingBreakOut" classname="org.neo4j.collection.primitive.hopscotch.PrimitiveLongMapTest" time="0.01"/>
  <testcase name="longIntKeyVisitorShouldNotSeeEntriesAfterRequestingBreakOut" classname="org.neo4j.collection.primitive.hopscotch.PrimitiveLongMapTest" time="0.001"/>
  <testcase name="shouldContainAddedValues_2" classname="org.neo4j.collection.primitive.hopscotch.PrimitiveLongMapTest" time="0"/>
  <testcase name="shouldContainAddedValues_3" classname="org.neo4j.collection.primitive.hopscotch.PrimitiveLongMapTest" time="0"/>
  <testcase name="longObjectKeyVisitorShouldSeeAllEntriesIfItDoesNotBreakOut" classname="org.neo4j.collection.primitive.hopscotch.PrimitiveLongMapTest" time="0.001"/>
  <testcase name="shouldOnlyContainAddedValues_2" classname="org.neo4j.collection.primitive.hopscotch.PrimitiveLongMapTest" time="0"/>
  <testcase name="shouldOnlyContainAddedValues_3" classname="org.neo4j.collection.primitive.hopscotch.PrimitiveLongMapTest" time="0"/>
  <testcase name="longLongEntryVisitorShouldSeeAllEntriesIfItDoesNotBreakOut" classname="org.neo4j.collection.primitive.hopscotch.PrimitiveLongMapTest" time="0.023"/>
  <testcase name="shouldReturnCorrectPreviousValue" classname="org.neo4j.collection.primitive.hopscotch.PrimitiveLongMapTest" time="0"/>
  <testcase name="shouldHaveCorrectSize" classname="org.neo4j.collection.primitive.hopscotch.PrimitiveLongMapTest" time="0.001"/>
  <testcase name="longLongKeyVisitorShouldSeeAllEntriesIfItDoesNotBreakOut" classname="org.neo4j.collection.primitive.hopscotch.PrimitiveLongMapTest" time="0.015"/>
</testsuite>