<?xml version="1.0" encoding="UTF-8"?>
<testsuite name="org.neo4j.io.pagecache.impl.muninn.MuninnPageCacheTest" time="95.838" tests="108" errors="0" skipped="0" failures="0">
  <properties>
[...]
</properties>
  <testcase name="mustEvictCleanPageWithoutFlushing" classname="org.neo4j.io.pagecache.impl.muninn.MuninnPageCacheTest" time="0.032"/>
  <testcase name="primitiveLongIntMapReturnsMinusOneForKeysNotFound" classname="org.neo4j.io.pagecache.impl.muninn.MuninnPageCacheTest" time="0.001"/>
  <testcase name="mustUnblockPageFaultersWhenEvictionGetsException" classname="org.neo4j.io.pagecache.impl.muninn.MuninnPageCacheTest" time="0.108"/>
  <testcase name="closingTheCursorMustUnlockModifiedPage" classname="org.neo4j.io.pagecache.impl.muninn.MuninnPageCacheTest" time="0.003"/>
  <testcase name="mustFlushDirtyPagesOnEvictingAllPages" classname="org.neo4j.io.pagecache.impl.muninn.MuninnPageCacheTest" time="0.003"/>
  <testcase name="mustFlushDirtyPagesOnEvictingFirstPage" classname="org.neo4j.io.pagecache.impl.muninn.MuninnPageCacheTest" time="0.002"/>
  <testcase name="mustFlushDirtyPagesOnEvictingLastPage" classname="org.neo4j.io.pagecache.impl.muninn.MuninnPageCacheTest" time="0.002"/>
  <testcase name="getLongBeyondPageEndMustThrow" classname="org.neo4j.io.pagecache.impl.muninn.MuninnPageCacheTest" time="0.008"/>
  <testcase name="lastPageIdOfEmptyFileIsMinusOne" classname="org.neo4j.io.pagecache.impl.muninn.MuninnPageCacheTest" time="0.005"/>
  <testcase name="firstNextCallMustReturnFalseWhenTheFileIsEmptyAndNoGrowIsSpecified" classname="org.neo4j.io.pagecache.impl.muninn.MuninnPageCacheTest" time="0.003"/>
  <testcase name="pessimisticReadLockedPageMustNotBlockFileUnmapping" classname="org.neo4j.io.pagecache.impl.muninn.MuninnPageCacheTest" time="0.005"/>
  <testcase name="pagedFileIoMustThrowIfFileIsUnmapped" classname="org.neo4j.io.pagecache.impl.muninn.MuninnPageCacheTest" time="0.002"/>
  <testcase name="optimisticReadLockMustFaultOnRetryIfPageHasBeenEvicted" classname="org.neo4j.io.pagecache.impl.muninn.MuninnPageCacheTest" time="0.025"/>
  <testcase name="writesFlushedFromPageFileMustBeExternallyObservable" classname="org.neo4j.io.pagecache.impl.muninn.MuninnPageCacheTest" time="0.249"/>
  <testcase name="nextWithPageIdMustAllowTraversingInReverse" classname="org.neo4j.io.pagecache.impl.muninn.MuninnPageCacheTest" time="0.099"/>
  <testcase name="lastPageIdOfFileWithExactlyTwoPagesAndOneByteWorthOfDataIsTwo" classname="org.neo4j.io.pagecache.impl.muninn.MuninnPageCacheTest" time="0.002"/>
  <testcase name="mappingFileWithPageSizeGreaterThanCachePageSizeMustThrow" classname="org.neo4j.io.pagecache.impl.muninn.MuninnPageCacheTest" time="0.001"/>
  <testcase name="firstPageMustBeAccessibleEvenIfTheFileIsNonEmptyButSmallerThanFilePageSize" classname="org.neo4j.io.pagecache.impl.muninn.MuninnPageCacheTest" time="0.001"/>
  <testcase name="firstPageMustBeAccessibleWithNoGrowSpecifiedIfItIsTheOnlyPage" classname="org.neo4j.io.pagecache.impl.muninn.MuninnPageCacheTest" time="0.001"/>
  <testcase name="readingFromUnboundCursorMustThrow" classname="org.neo4j.io.pagecache.impl.muninn.MuninnPageCacheTest" time="0.001"/>
  <testcase name="firstPageMustNotBeAccessibleIfFileIsEmptyAndNoGrowSpecified" classname="org.neo4j.io.pagecache.impl.muninn.MuninnPageCacheTest" time="0.001"/>
  <testcase name="cursorOffsetMustBeUpdatedReadAndWrite" classname="org.neo4j.io.pagecache.impl.muninn.MuninnPageCacheTest" time="0.001"/>
  <testcase name="closingWithoutCallingNextMustLeavePageUnpinnedAndUntouched" classname="org.neo4j.io.pagecache.impl.muninn.MuninnPageCacheTest" time="0.001"/>
  <testcase name="evictionMustFlushPagesToTheRightFiles" classname="org.neo4j.io.pagecache.impl.muninn.MuninnPageCacheTest" time="0.15"/>
  <testcase name="mappingFileSecondTimeWithLesserPageSizeMustThrow" classname="org.neo4j.io.pagecache.impl.muninn.MuninnPageCacheTest" time="0.001"/>
  <testcase name="mustNotPinPagesAfterNextReturnsFalse" classname="org.neo4j.io.pagecache.impl.muninn.MuninnPageCacheTest" time="0.002"/>
  <testcase name="dirtyPagesMustBeFlushedWhenTheCacheIsClosed" classname="org.neo4j.io.pagecache.impl.muninn.MuninnPageCacheTest" time="0.041"/>
  <testcase name="lastPageIdMustIncreaseWhenScanningPastEndWithExclusiveLock" classname="org.neo4j.io.pagecache.impl.muninn.MuninnPageCacheTest" time="0.001"/>
  <testcase name="writingFromUnboundCursorMustThrow" classname="org.neo4j.io.pagecache.impl.muninn.MuninnPageCacheTest" time="0"/>
  <testcase name="mustThrowWhenClaimingWriteCursorWhileHavingReadCursor" classname="org.neo4j.io.pagecache.impl.muninn.MuninnPageCacheTest" time="0.001"/>
  <testcase name="putShortBeyondPageEndMustThrow" classname="org.neo4j.io.pagecache.impl.muninn.MuninnPageCacheTest" time="0.001"/>
  <testcase name="notSpecifyingAnyPfLockFlagsMustThrow" classname="org.neo4j.io.pagecache.impl.muninn.MuninnPageCacheTest" time="0.001"/>
  <testcase name="lastPageIdOfFileWithExactlyTwoPagesWorthOfDataIsOne" classname="org.neo4j.io.pagecache.impl.muninn.MuninnPageCacheTest" time="0.001"/>
  <testcase name="writeLockedPageCursorNextWithIdMustThrowIfFileIsUnmapped" classname="org.neo4j.io.pagecache.impl.muninn.MuninnPageCacheTest" time="0"/>
  <testcase name="writesOfDifferentUnitsMustHaveCorrectEndianess" classname="org.neo4j.io.pagecache.impl.muninn.MuninnPageCacheTest" time="0.001"/>
  <testcase name="writesToPagesMustNotBleedIntoAdjacentPages" classname="org.neo4j.io.pagecache.impl.muninn.MuninnPageCacheTest" time="0.006"/>
  <testcase name="readingAndRetryingOnPageWithOptimisticReadLockingAfterUnmappingMustNotThrow" classname="org.neo4j.io.pagecache.impl.muninn.MuninnPageCacheTest" time="0.001"/>
  <testcase name="nextToSpecificPageIdMustAdvanceFromThatPointOn" classname="org.neo4j.io.pagecache.impl.muninn.MuninnPageCacheTest" time="0"/>
  <testcase name="mappingFileWithPageSizeEqualToCachePageSizeMustNotThrow" classname="org.neo4j.io.pagecache.impl.muninn.MuninnPageCacheTest" time="0"/>
  <testcase name="rewindMustStartScanningOverFromTheBeginning" classname="org.neo4j.io.pagecache.impl.muninn.MuninnPageCacheTest" time="0.262"/>
  <testcase name="evictionThreadMustGracefullyShutDown" classname="org.neo4j.io.pagecache.impl.muninn.MuninnPageCacheTest" time="1.652"/>
  <testcase name="cursorCanReadUnsignedIntGreaterThanMaxInt" classname="org.neo4j.io.pagecache.impl.muninn.MuninnPageCacheTest" time="0.001"/>
  <testcase name="writeLockedPageCursorNextMustThrowIfFileIsUnmapped" classname="org.neo4j.io.pagecache.impl.muninn.MuninnPageCacheTest" time="0.001"/>
  <testcase name="pageFaultForReadMustThrowIfOutOfStorageSpace" classname="org.neo4j.io.pagecache.impl.muninn.MuninnPageCacheTest" time="0.004"/>
  <testcase name="getIntBeyondPageEndMustThrow" classname="org.neo4j.io.pagecache.impl.muninn.MuninnPageCacheTest" time="0.002"/>
  <testcase name="lastPageIdMustIncreaseWhenJumpingPastEndWithExclusiveLock" classname="org.neo4j.io.pagecache.impl.muninn.MuninnPageCacheTest" time="0.001"/>
  <testcase name="freshlyCreatedPagesMustContainAllZeros" classname="org.neo4j.io.pagecache.impl.muninn.MuninnPageCacheTest" time="0.096"/>
  <testcase name="retryMustResetCursorOffset" classname="org.neo4j.io.pagecache.impl.muninn.MuninnPageCacheTest" time="0.009"/>
  <testcase name="putIntBeyondPageEndMustThrow" classname="org.neo4j.io.pagecache.impl.muninn.MuninnPageCacheTest" time="0.001"/>
  <testcase name="getBytesBeyondPageEndMustThrow" classname="org.neo4j.io.pagecache.impl.muninn.MuninnPageCacheTest" time="0.002"/>
  <testcase name="newlyWrittenPagesMustBeAccessibleWithNoGrow" classname="org.neo4j.io.pagecache.impl.muninn.MuninnPageCacheTest" time="0.002"/>
  <testcase name="lastPageMustBeAccessibleWithNoGrowSpecified" classname="org.neo4j.io.pagecache.impl.muninn.MuninnPageCacheTest" time="0.001"/>
  <testcase name="getByteBeyondPageEndMustThrow" classname="org.neo4j.io.pagecache.impl.muninn.MuninnPageCacheTest" time="0.001"/>
  <testcase name="lastPageIdMustNotIncreaseWhenReadingToEndWithNoGrowAndExclusiveLock" classname="org.neo4j.io.pagecache.impl.muninn.MuninnPageCacheTest" time="0.008"/>
  <testcase name="flushingClosedCacheMustThrow" classname="org.neo4j.io.pagecache.impl.muninn.MuninnPageCacheTest" time="0"/>
  <testcase name="writeLockedPageMustBlockFileUnmapping" classname="org.neo4j.io.pagecache.impl.muninn.MuninnPageCacheTest" time="0.005"/>
  <testcase name="getUnsignedIntBeyondPageEndMustThrow" classname="org.neo4j.io.pagecache.impl.muninn.MuninnPageCacheTest" time="0.002"/>
  <testcase name="nextWithPageIdMustReturnFalseIfPageIdIsBeyondFilePageRangeAndNoGrowSpecified" classname="org.neo4j.io.pagecache.impl.muninn.MuninnPageCacheTest" time="0.002"/>
  <testcase name="currentPageIdIsUnboundBeforeFirstNextAndAfterRewind" classname="org.neo4j.io.pagecache.impl.muninn.MuninnPageCacheTest" time="0.001"/>
  <testcase name="mappingFilesInClosedCacheMustThrow" classname="org.neo4j.io.pagecache.impl.muninn.MuninnPageCacheTest" time="0.001"/>
  <testcase name="putLongBeyondPageEndMustThrow" classname="org.neo4j.io.pagecache.impl.muninn.MuninnPageCacheTest" time="0.002"/>
  <testcase name="pageFaultForWriteMustThrowIfOutOfStorageSpace" classname="org.neo4j.io.pagecache.impl.muninn.MuninnPageCacheTest" time="0.003"/>
  <testcase name="mustThrowWhenClaimingExclusivelyMoreThanOneCursorFromSamePageCacheButDifferentPagedFiles" classname="org.neo4j.io.pagecache.impl.muninn.MuninnPageCacheTest" time="0.001"/>
  <testcase name="readsAndWritesMustBeMutuallyConsistent" classname="org.neo4j.io.pagecache.impl.muninn.MuninnPageCacheTest" time="8.214"/>
  <testcase name="readLockedPageCursorNextWithIdMustThrowIfFileIsUnmapped" classname="org.neo4j.io.pagecache.impl.muninn.MuninnPageCacheTest" time="0.001"/>
  <testcase name="monitorMustBeNotifiedAboutPinUnpinFaultFlushAndEvictionEventsWhenWriting" classname="org.neo4j.io.pagecache.impl.muninn.MuninnPageCacheTest" time="0.024"/>
  <testcase name="writesFlushedFromPageCacheMustBeExternallyObservable" classname="org.neo4j.io.pagecache.impl.muninn.MuninnPageCacheTest" time="0.036"/>
  <testcase name="pageCacheMustRemainInternallyConsistentWhenGettingRandomFailures" classname="org.neo4j.io.pagecache.impl.muninn.MuninnPageCacheTest" time="34.833"/>
  <testcase name="getShortBeyondPageEndMustThrow" classname="org.neo4j.io.pagecache.impl.muninn.MuninnPageCacheTest" time="0.001"/>
  <testcase name="mustReportConfiguredMaxPages" classname="org.neo4j.io.pagecache.impl.muninn.MuninnPageCacheTest" time="0"/>
  <testcase name="mustReadExistingData" classname="org.neo4j.io.pagecache.impl.muninn.MuninnPageCacheTest" time="0.018"/>
  <testcase name="notSpecifyingAnyPfFlagsMustThrow" classname="org.neo4j.io.pagecache.impl.muninn.MuninnPageCacheTest" time="0.001"/>
  <testcase name="repeatablyWritesFlushedFromPageFileMustBeExternallyObservable" classname="org.neo4j.io.pagecache.impl.muninn.MuninnPageCacheTest" time="1.609"/>
  <testcase name="mustThrowWhenClaimingSharinglyMoreThanOneCursorFromSamePagedFile" classname="org.neo4j.io.pagecache.impl.muninn.MuninnPageCacheTest" time="0"/>
  <testcase name="lastPageMustBeAccessibleWithNoGrowSpecifiedEvenIfLessThanFilePageSize" classname="org.neo4j.io.pagecache.impl.muninn.MuninnPageCacheTest" time="0.001"/>
  <testcase name="readLockedPageCursorNextMustThrowIfFileIsUnmapped" classname="org.neo4j.io.pagecache.impl.muninn.MuninnPageCacheTest" time="0.001"/>
  <testcase name="advancingOptimisticReadLockingCursorAfterUnmappingMustThrow" classname="org.neo4j.io.pagecache.impl.muninn.MuninnPageCacheTest" time="0.001"/>
  <testcase name="pagesMustReturnToFreelistIfSwapInThrows" classname="org.neo4j.io.pagecache.impl.muninn.MuninnPageCacheTest" time="0.002"/>
  <testcase name="mustRecoverFromFullDriveWhenMoreStorageBecomesAvailable" classname="org.neo4j.io.pagecache.impl.muninn.MuninnPageCacheTest" time="0.002"/>
  <testcase name="mustThrowWhenClaimingExclusivelyMoreThanOneCursorFromSamePagedFile" classname="org.neo4j.io.pagecache.impl.muninn.MuninnPageCacheTest" time="0"/>
  <testcase name="mustScanInTheMiddleOfTheFile" classname="org.neo4j.io.pagecache.impl.muninn.MuninnPageCacheTest" time="0.016"/>
  <testcase name="concurrentFlushingMustNotPutInterleavedDataIntoFile" classname="org.neo4j.io.pagecache.impl.muninn.MuninnPageCacheTest" time="1.713"/>
  <testcase name="writesFlushedFromPageFileMustBeObservableEvenWhenRacingWithEviction" classname="org.neo4j.io.pagecache.impl.muninn.MuninnPageCacheTest" time="1.732"/>
  <testcase name="specifyingBothSharedAndExclusiveLocksMustThrow" classname="org.neo4j.io.pagecache.impl.muninn.MuninnPageCacheTest" time="0.002"/>
  <testcase name="mappingFileSecondTimeWithGreaterPageSizeMustThrow" classname="org.neo4j.io.pagecache.impl.muninn.MuninnPageCacheTest" time="0.001"/>
  <testcase name="mustThrowWhenClaimingReadCursorWhileHavingWriteCursor" classname="org.neo4j.io.pagecache.impl.muninn.MuninnPageCacheTest" time="0.001"/>
  <testcase name="settingNegativeCursorOffsetMustThrow" classname="org.neo4j.io.pagecache.impl.muninn.MuninnPageCacheTest" time="0.001"/>
  <testcase name="blockedPageFaultersMustWakeUpWhenEvictionThreadCatchesException" classname="org.neo4j.io.pagecache.impl.muninn.MuninnPageCacheTest" time="0.003"/>
  <testcase name="lastPageIdOfFileWithOneByteIsZero" classname="org.neo4j.io.pagecache.impl.muninn.MuninnPageCacheTest" time="0"/>
  <testcase name="advancingPessimisticReadLockingCursorAfterUnmappingMustThrow" classname="org.neo4j.io.pagecache.impl.muninn.MuninnPageCacheTest" time="0.001"/>
  <testcase name="nextMustResetTheCursorOffset" classname="org.neo4j.io.pagecache.impl.muninn.MuninnPageCacheTest" time="0.001"/>
  <testcase name="pagesAddedWithNextWithPageIdMustBeAccessibleWithNoGrowSpecified" classname="org.neo4j.io.pagecache.impl.muninn.MuninnPageCacheTest" time="0.002"/>
  <testcase name="nextMustReturnTrueThenFalseWhenThereIsOnlyOnePageInTheFileAndNoGrowIsSpecified" classname="org.neo4j.io.pagecache.impl.muninn.MuninnPageCacheTest" time="0.001"/>
  <testcase name="concurrentPageFaultingMustNotPutInterleavedDataIntoPages" classname="org.neo4j.io.pagecache.impl.muninn.MuninnPageCacheTest" time="2.401"/>
  <testcase name="mustNotFlushCleanPagesWhenEvicting" classname="org.neo4j.io.pagecache.impl.muninn.MuninnPageCacheTest" time="0.025"/>
  <testcase name="sharedLockImpliesNoGrow" classname="org.neo4j.io.pagecache.impl.muninn.MuninnPageCacheTest" time="0.001"/>
  <testcase name="lastPageIdMustNotIncreaseWhenReadingToEndWithSharedLock" classname="org.neo4j.io.pagecache.impl.muninn.MuninnPageCacheTest" time="0.002"/>
  <testcase name="mustNotLoseUpdates" classname="org.neo4j.io.pagecache.impl.muninn.MuninnPageCacheTest" time="39.7"/>
  <testcase name="monitorMustBeNotifiedAboutPinUnpinFaultAndEvictEventsWhenReading" classname="org.neo4j.io.pagecache.impl.muninn.MuninnPageCacheTest" time="0.01"/>
  <testcase name="mustCloseFileChannelWhenTheLastHandleIsUnmapped" classname="org.neo4j.io.pagecache.impl.muninn.MuninnPageCacheTest" time="0"/>
  <testcase name="pageCacheCloseMustThrowIfFilesAreStillMapped" classname="org.neo4j.io.pagecache.impl.muninn.MuninnPageCacheTest" time="0.001"/>
  <testcase name="putByteBeyondPageEndMustThrow" classname="org.neo4j.io.pagecache.impl.muninn.MuninnPageCacheTest" time="0.001"/>
  <testcase name="mustSupportUnalignedWordAccesses" classname="org.neo4j.io.pagecache.impl.muninn.MuninnPageCacheTest" time="2.652"/>
  <testcase name="mustThrowWhenClaimingSharinglyMoreThanOneCursorFromSamePageCacheButDifferentPagedFiles" classname="org.neo4j.io.pagecache.impl.muninn.MuninnPageCacheTest" time="0.001"/>
  <testcase name="mustReportConfiguredCachePageSize" classname="org.neo4j.io.pagecache.impl.muninn.MuninnPageCacheTest" time="0"/>
  <testcase name="dataFromDifferentFilesMustNotBleedIntoEachOther" classname="org.neo4j.io.pagecache.impl.muninn.MuninnPageCacheTest" time="0.002"/>
  <testcase name="nextMustAdvanceCurrentPageId" classname="org.neo4j.io.pagecache.impl.muninn.MuninnPageCacheTest" time="0"/>
  <testcase name="putBytesBeyondPageEndMustThrow" classname="org.neo4j.io.pagecache.impl.muninn.MuninnPageCacheTest" time="0.001"/>
</testsuite>