<?xml version="1.0" encoding="UTF-8"?>
<testsuite name="org.neo4j.server.rest.web.RestfulGraphDatabaseTest" time="0.388" tests="109" errors="0" skipped="0" failures="0">
  <properties>
[...]
</properties>
  <testcase name="shouldBeAbleToIndexNodeUniquely" classname="org.neo4j.server.rest.web.RestfulGraphDatabaseTest" time="0.006"/>
  <testcase name="shouldRespondWith201AndLocationWhenRelationshipIsCreatedWithoutProperties" classname="org.neo4j.server.rest.web.RestfulGraphDatabaseTest" time="0.007"/>
  <testcase name="shouldNotReturnDuplicatesIfSameTypeSpecifiedMoreThanOnce" classname="org.neo4j.server.rest.web.RestfulGraphDatabaseTest" time="0.002"/>
  <testcase name="shouldRespondWith201WhenTryingToCreateRelationshipBackToSelf" classname="org.neo4j.server.rest.web.RestfulGraphDatabaseTest" time="0.002"/>
  <testcase name="shouldRespondWith404ForRemoveNodePropertiesForNonExistingNode" classname="org.neo4j.server.rest.web.RestfulGraphDatabaseTest" time="0.002"/>
  <testcase name="shouldGet404WhenTraversingFromNonExistentNode" classname="org.neo4j.server.rest.web.RestfulGraphDatabaseTest" time="0.002"/>
  <testcase name="shouldNotBeAbleToIndexRelationshipUniquelyWithRequiredParameterMissing" classname="org.neo4j.server.rest.web.RestfulGraphDatabaseTest" time="0.012"/>
  <testcase name="shouldRespondWithNoContentWhenNoRelationshipIndexesExist" classname="org.neo4j.server.rest.web.RestfulGraphDatabaseTest" time="0"/>
  <testcase name="shouldRespondWith204WhenSuccessfullyRemovedRelationshipPropertiesWhichAreEmpty" classname="org.neo4j.server.rest.web.RestfulGraphDatabaseTest" time="0.001"/>
  <testcase name="shouldRespondWith400WhenTryingToCreateRelationshipWithUnsupportedProperties" classname="org.neo4j.server.rest.web.RestfulGraphDatabaseTest" time="0.002"/>
  <testcase name="shouldRespondWith204AndSetCorrectDataWhenSettingRelationshipProperty" classname="org.neo4j.server.rest.web.RestfulGraphDatabaseTest" time="0.002"/>
  <testcase name="shouldBeAbleToIndexNode" classname="org.neo4j.server.rest.web.RestfulGraphDatabaseTest" time="0.002"/>
  <testcase name="shouldRespondWith204WhenSuccessfullyRemovedRelationshipProperties" classname="org.neo4j.server.rest.web.RestfulGraphDatabaseTest" time="0.004"/>
  <testcase name="shouldRespondWith404ForSetNodePropertyOnNonExistingNode" classname="org.neo4j.server.rest.web.RestfulGraphDatabaseTest" time="0.002"/>
  <testcase name="shouldRespondWith404WhenNoRelationshipFromWhichToRemoveProperty" classname="org.neo4j.server.rest.web.RestfulGraphDatabaseTest" time="0.002"/>
  <testcase name="shouldBeAbleToGetOtherResultTypesWhenTraversing" classname="org.neo4j.server.rest.web.RestfulGraphDatabaseTest" time="0.008"/>
  <testcase name="shouldRespondWith404WhenTryingToCreateRelationshipFromNonExistentNode" classname="org.neo4j.server.rest.web.RestfulGraphDatabaseTest" time="0.002"/>
  <testcase name="shouldBeAbleToGetListOfNodeRepresentationsFromIndexLookup" classname="org.neo4j.server.rest.web.RestfulGraphDatabaseTest" time="0.01"/>
  <testcase name="shouldNotBeAbleToIndexRelationshipUniquelyWithBothUriAndCreationalDataInPayload" classname="org.neo4j.server.rest.web.RestfulGraphDatabaseTest" time="0.012"/>
  <testcase name="shouldRespondWith400WhenSettingRelationshipPropertiesWithBadJson" classname="org.neo4j.server.rest.web.RestfulGraphDatabaseTest" time="0.006"/>
  <testcase name="shouldBeAbleToIndexRelationshipUniquely" classname="org.neo4j.server.rest.web.RestfulGraphDatabaseTest" time="0.004"/>
  <testcase name="shouldRespondWith400ForSetNodePropertyWithInvalidJson" classname="org.neo4j.server.rest.web.RestfulGraphDatabaseTest" time="0.006"/>
  <testcase name="shouldNotBeAbleToIndexNodeUniquelyWithBothUriAndPropertiesInPayload" classname="org.neo4j.server.rest.web.RestfulGraphDatabaseTest" time="0.003"/>
  <testcase name="shouldRespondWith404WhenNoRelationshipFromWhichToRemoveProperties" classname="org.neo4j.server.rest.web.RestfulGraphDatabaseTest" time="0.002"/>
  <testcase name="shouldReturnRelationshipRepresentationWhenCreatingRelationship" classname="org.neo4j.server.rest.web.RestfulGraphDatabaseTest" time="0.002"/>
  <testcase name="shouldRespondWith204ForRemoveNodeProperties" classname="org.neo4j.server.rest.web.RestfulGraphDatabaseTest" time="0.002"/>
  <testcase name="shouldRespondWith201LocationHeaderAndNodeRepresentationInJSONWhenPopulatedNodeCreated" classname="org.neo4j.server.rest.web.RestfulGraphDatabaseTest" time="0.003"/>
  <testcase name="uniquelyIndexedRelationshipGetsTheSpecifiedKeyAndValueAsPropertiesIfNoPropertiesAreSpecified" classname="org.neo4j.server.rest.web.RestfulGraphDatabaseTest" time="0.005"/>
  <testcase name="shouldBeAbleToGetListOfNodeRepresentationsFromIndexQuery" classname="org.neo4j.server.rest.web.RestfulGraphDatabaseTest" time="0.015"/>
  <testcase name="shouldRespondWith200ForGetNodeProperties" classname="org.neo4j.server.rest.web.RestfulGraphDatabaseTest" time="0.002"/>
  <testcase name="shouldBeAbleToGetListOfRelationshipRepresentationsFromIndexQuery" classname="org.neo4j.server.rest.web.RestfulGraphDatabaseTest" time="0.008"/>
  <testcase name="shouldRespondWith201AndLocationWhenRelationshipIsCreatedWithProperties" classname="org.neo4j.server.rest.web.RestfulGraphDatabaseTest" time="0.003"/>
  <testcase name="shouldRespondWith400WhenTransferringCorruptJsonPayload" classname="org.neo4j.server.rest.web.RestfulGraphDatabaseTest" time="0.007"/>
  <testcase name="shouldRespondWith409IfNodeCannotBeDeleted" classname="org.neo4j.server.rest.web.RestfulGraphDatabaseTest" time="0.002"/>
  <testcase name="shouldBeAbleToGetListOfNodeRepresentationsFromIndexQueryWithDefaultKey" classname="org.neo4j.server.rest.web.RestfulGraphDatabaseTest" time="0.009"/>
  <testcase name="shouldRespondWithAvailableIndexRelationshipRoots" classname="org.neo4j.server.rest.web.RestfulGraphDatabaseTest" time="0.002"/>
  <testcase name="shouldRespondWith400WhenNodeCreatedWithUnsupportedPropertyData" classname="org.neo4j.server.rest.web.RestfulGraphDatabaseTest" time="0.003"/>
  <testcase name="shouldBeAbleToGetRoot" classname="org.neo4j.server.rest.web.RestfulGraphDatabaseTest" time="0.001"/>
  <testcase name="relationshipAutoIndexerEnabling" classname="org.neo4j.server.rest.web.RestfulGraphDatabaseTest" time="0"/>
  <testcase name="shouldGet404WhenRetrievingRelationshipThatDoesNotExist" classname="org.neo4j.server.rest.web.RestfulGraphDatabaseTest" time="0.002"/>
  <testcase name="shouldRespondWith200ForGetNodeProperty" classname="org.neo4j.server.rest.web.RestfulGraphDatabaseTest" time="0.001"/>
  <testcase name="shouldRespondWith200AndDataForGetRelationshipProperties" classname="org.neo4j.server.rest.web.RestfulGraphDatabaseTest" time="0.001"/>
  <testcase name="shouldGet200WhenRetrievingARelationshipFromANode" classname="org.neo4j.server.rest.web.RestfulGraphDatabaseTest" time="0.001"/>
  <testcase name="shouldBeAbleToRemoveRelationshipFromIndex" classname="org.neo4j.server.rest.web.RestfulGraphDatabaseTest" time="0.006"/>
  <testcase name="shouldRespondWith200AndNodeRepresentationInJSONWhenNodeRequested" classname="org.neo4j.server.rest.web.RestfulGraphDatabaseTest" time="0.001"/>
  <testcase name="shouldBeAbleToRemoveRelationshipIndex" classname="org.neo4j.server.rest.web.RestfulGraphDatabaseTest" time="0.001"/>
  <testcase name="shouldBeAbleToGetRootWhenNoReferenceNodePresent" classname="org.neo4j.server.rest.web.RestfulGraphDatabaseTest" time="0.001"/>
  <testcase name="shouldBeAbleToParseJsonEvenWithUnicodeMarkerAtTheStart" classname="org.neo4j.server.rest.web.RestfulGraphDatabaseTest" time="0.007"/>
  <testcase name="shouldRespondWith204AndSetCorrectDataWhenSettingRelationshipProperties" classname="org.neo4j.server.rest.web.RestfulGraphDatabaseTest" time="0.004"/>
  <testcase name="addRemoveAutoindexPropertiesOnRelationships" classname="org.neo4j.server.rest.web.RestfulGraphDatabaseTest" time="0.001"/>
  <testcase name="shouldRespondWithNoIndexOrOnlyNodeAutoIndex" classname="org.neo4j.server.rest.web.RestfulGraphDatabaseTest" time="0"/>
  <testcase name="shouldRespondWith201LocationHeaderAndNodeRepresentationInJSONWhenEmptyNodeCreated" classname="org.neo4j.server.rest.web.RestfulGraphDatabaseTest" time="0.001"/>
  <testcase name="shouldGet204WhenRemovingARelationship" classname="org.neo4j.server.rest.web.RestfulGraphDatabaseTest" time="0.001"/>
  <testcase name="shouldGet200AndEmptyListWhenNothingFoundInIndexLookup" classname="org.neo4j.server.rest.web.RestfulGraphDatabaseTest" time="0.002"/>
  <testcase name="nodeAutoindexingSupposedToWork" classname="org.neo4j.server.rest.web.RestfulGraphDatabaseTest" time="0.004"/>
  <testcase name="addRemoveAutoindexPropertiesOnNodes" classname="org.neo4j.server.rest.web.RestfulGraphDatabaseTest" time="0.001"/>
  <testcase name="shouldBeAbleToGetRelationshipRepresentationFromIndexUri" classname="org.neo4j.server.rest.web.RestfulGraphDatabaseTest" time="0.006"/>
  <testcase name="shouldRespondWith400WhenTransferringIncompatibleJsonPayload" classname="org.neo4j.server.rest.web.RestfulGraphDatabaseTest" time="0.006"/>
  <testcase name="specifiedPropertiesOverrideKeyAndValueForUniquelyIndexedNodes" classname="org.neo4j.server.rest.web.RestfulGraphDatabaseTest" time="0.004"/>
  <testcase name="shouldGet200WhenSuccessfullyRetrievedPropertyOnRelationship" classname="org.neo4j.server.rest.web.RestfulGraphDatabaseTest" time="0.002"/>
  <testcase name="shouldRespondWith400WhenTryingToCreateRelationshipWithBadJson" classname="org.neo4j.server.rest.web.RestfulGraphDatabaseTest" time="0.007"/>
  <testcase name="shouldRespondWith404WhenRemovingRelationshipPropertyWhichDoesNotExist" classname="org.neo4j.server.rest.web.RestfulGraphDatabaseTest" time="0.003"/>
  <testcase name="shouldGet404WhenRemovingNonExistingProperty" classname="org.neo4j.server.rest.web.RestfulGraphDatabaseTest" time="0.003"/>
  <testcase name="shouldGet200WhenNoHitsReturnedFromTraverse" classname="org.neo4j.server.rest.web.RestfulGraphDatabaseTest" time="0.001"/>
  <testcase name="shouldRespondWith400WhenTryingToCreateRelationshipToNonExistentNode" classname="org.neo4j.server.rest.web.RestfulGraphDatabaseTest" time="0.002"/>
  <testcase name="shouldGet404WhenRemovingPropertyFromNonExistingNode" classname="org.neo4j.server.rest.web.RestfulGraphDatabaseTest" time="0.001"/>
  <testcase name="shouldBeAbleToGetNodeRepresentationFromIndexUri" classname="org.neo4j.server.rest.web.RestfulGraphDatabaseTest" time="0.005"/>
  <testcase name="shouldSetRightValueForSetNodeProperty" classname="org.neo4j.server.rest.web.RestfulGraphDatabaseTest" time="0.002"/>
  <testcase name="shouldBeAbleToRemoveNodeProperties" classname="org.neo4j.server.rest.web.RestfulGraphDatabaseTest" time="0.001"/>
  <testcase name="shouldNotBeAbleToCreateAnIndexWithEmptyName" classname="org.neo4j.server.rest.web.RestfulGraphDatabaseTest" time="0.007"/>
  <testcase name="shouldNotBeAbleToIndexNodeUniquelyWithRequiredParameterMissing" classname="org.neo4j.server.rest.web.RestfulGraphDatabaseTest" time="0.008"/>
  <testcase name="shouldGetPropertiesForGetNodeProperties" classname="org.neo4j.server.rest.web.RestfulGraphDatabaseTest" time="0.002"/>
  <testcase name="shouldGetSomeHitsWhenTraversingWithDefaultDescription" classname="org.neo4j.server.rest.web.RestfulGraphDatabaseTest" time="0.002"/>
  <testcase name="shouldBeAbleToGetListOfRelationshipRepresentationsFromIndexLookup" classname="org.neo4j.server.rest.web.RestfulGraphDatabaseTest" time="0.006"/>
  <testcase name="shouldRespondWith200AndEmptyListOfRelationshipRepresentationsWhenGettingRelationshipsForANodeWithoutRelationships" classname="org.neo4j.server.rest.web.RestfulGraphDatabaseTest" time="0.001"/>
  <testcase name="shouldBeAbleToRemoveNodeIndex" classname="org.neo4j.server.rest.web.RestfulGraphDatabaseTest" time="0.003"/>
  <testcase name="shouldAdvertiseUriForQueringAllRelationsInTheDatabase" classname="org.neo4j.server.rest.web.RestfulGraphDatabaseTest" time="0.001"/>
  <testcase name="shouldRespondWith404WhenSettingPropertiesOnNodeThatDoesNotExist" classname="org.neo4j.server.rest.web.RestfulGraphDatabaseTest" time="0.002"/>
  <testcase name="shouldBeAbleToFindSinglePathBetweenTwoNodesEvenWhenAskingForAllPaths" classname="org.neo4j.server.rest.web.RestfulGraphDatabaseTest" time="0.002"/>
  <testcase name="shouldGet404IfRemovingNonExistentNodeIndexing" classname="org.neo4j.server.rest.web.RestfulGraphDatabaseTest" time="0.002"/>
  <testcase name="shouldBeAbleToRemoveNodeFromIndex" classname="org.neo4j.server.rest.web.RestfulGraphDatabaseTest" time="0.003"/>
  <testcase name="shouldRespondWith400WhenSettingRelationshipPropertyWithBadJson" classname="org.neo4j.server.rest.web.RestfulGraphDatabaseTest" time="0.006"/>
  <testcase name="uniquelyIndexedNodeGetsTheSpecifiedKeyAndValueAsPropertiesIfNoPropertiesAreSpecified" classname="org.neo4j.server.rest.web.RestfulGraphDatabaseTest" time="0.002"/>
  <testcase name="shouldBeAbleToRemoveNodeProperty" classname="org.neo4j.server.rest.web.RestfulGraphDatabaseTest" time="0.002"/>
  <testcase name="shouldBeAbleToGetListOfRelationshipRepresentationsFromIndexQueryWithDefaultKey" classname="org.neo4j.server.rest.web.RestfulGraphDatabaseTest" time="0.005"/>
  <testcase name="shouldFailGracefullyWhenViolatingConstraintOnPropertyUpdate" classname="org.neo4j.server.rest.web.RestfulGraphDatabaseTest" time="0.03"/>
  <testcase name="shouldRespondWith400WhenNodeCreatedWithInvalidJSON" classname="org.neo4j.server.rest.web.RestfulGraphDatabaseTest" time="0.004"/>
  <testcase name="shouldRespondWith404IfNodeToBeDeletedDoesNotExist" classname="org.neo4j.server.rest.web.RestfulGraphDatabaseTest" time="0.001"/>
  <testcase name="shouldRespondWith204ForSetNodeProperty" classname="org.neo4j.server.rest.web.RestfulGraphDatabaseTest" time="0.002"/>
  <testcase name="shouldRespondWith404ForGetNonExistentNodeProperty" classname="org.neo4j.server.rest.web.RestfulGraphDatabaseTest" time="0.003"/>
  <testcase name="shouldRespondWith404WhenRequestedNodeDoesNotExist" classname="org.neo4j.server.rest.web.RestfulGraphDatabaseTest" time="0.001"/>
  <testcase name="shouldRespondWith204OnSuccessfulDelete" classname="org.neo4j.server.rest.web.RestfulGraphDatabaseTest" time="0.001"/>
  <testcase name="nodeAutoIndexerEnabling" classname="org.neo4j.server.rest.web.RestfulGraphDatabaseTest" time="0"/>
  <testcase name="shouldRespondWith204AfterSettingPropertiesOnExistingNode" classname="org.neo4j.server.rest.web.RestfulGraphDatabaseTest" time="0.002"/>
  <testcase name="shouldGet404WhenCannotResolveAPropertyOnRelationship" classname="org.neo4j.server.rest.web.RestfulGraphDatabaseTest" time="0.002"/>
  <testcase name="shouldBeAbleToDescribeTraverser" classname="org.neo4j.server.rest.web.RestfulGraphDatabaseTest" time="0.009"/>
  <testcase name="shouldRespondWith404ForGetNodePropertyOnNonExistentNode" classname="org.neo4j.server.rest.web.RestfulGraphDatabaseTest" time="0.003"/>
  <testcase name="shouldRespondWith404WhenGettingIncomingRelationshipsForNonExistingNode" classname="org.neo4j.server.rest.web.RestfulGraphDatabaseTest" time="0.002"/>
  <testcase name="shouldRespondWithAvailableIndexNodeRoots" classname="org.neo4j.server.rest.web.RestfulGraphDatabaseTest" time="0.002"/>
  <testcase name="shouldGet404IfRemovingNonExistentRelationshipIndexing" classname="org.neo4j.server.rest.web.RestfulGraphDatabaseTest" time="0.002"/>
  <testcase name="shouldRespondWith200AndListOfRelationshipRepresentationsWhenGettingRelationshipsForANode" classname="org.neo4j.server.rest.web.RestfulGraphDatabaseTest" time="0.006"/>
  <testcase name="shouldReturnCorrectValueForGetNodeProperty" classname="org.neo4j.server.rest.web.RestfulGraphDatabaseTest" time="0.002"/>
  <testcase name="shouldRespondWith404WhenSettingRelationshipPropertiesOnNonExistingRelationship" classname="org.neo4j.server.rest.web.RestfulGraphDatabaseTest" time="0.002"/>
  <testcase name="shouldGet404WhenRemovingNonExistentRelationship" classname="org.neo4j.server.rest.web.RestfulGraphDatabaseTest" time="0.002"/>
  <testcase name="shouldBeAbleToFindSinglePathBetweenTwoNodes" classname="org.neo4j.server.rest.web.RestfulGraphDatabaseTest" time="0.001"/>
  <testcase name="shouldRespondWith404WhenSettingRelationshipPropertyOnNonExistingRelationship" classname="org.neo4j.server.rest.web.RestfulGraphDatabaseTest" time="0.001"/>
  <testcase name="specifiedPropertiesOverrideKeyAndValueForUniquelyIndexedRelationships" classname="org.neo4j.server.rest.web.RestfulGraphDatabaseTest" time="0.006"/>
  <testcase name="shouldRespondWith201LocationHeaderAndNodeRepresentationInJSONWhenPopulatedNodeCreatedWithArrays" classname="org.neo4j.server.rest.web.RestfulGraphDatabaseTest" time="0.006"/>
  <testcase name="shouldRespondWith204WhenRemovingRelationshipProperty" classname="org.neo4j.server.rest.web.RestfulGraphDatabaseTest" time="0.001"/>
</testsuite>