<?xml version="1.0" encoding="UTF-8"?>
<testsuite name="org.neo4j.server.rest.web.DatabaseActionsTest" time="1.07" tests="60" errors="0" skipped="0" failures="0">
  <properties>
[...]
</properties>
  <testcase name="shouldBeAbleToGetFullPathsIfSpecified" classname="org.neo4j.server.rest.web.DatabaseActionsTest" time="0.035"/>
  <testcase name="shouldBeAbleToRetrieveASinglePropertyFromARelationship" classname="org.neo4j.server.rest.web.DatabaseActionsTest" time="0.007"/>
  <testcase name="shouldBeAbleToGetShortestPaths" classname="org.neo4j.server.rest.web.DatabaseActionsTest" time="0.032"/>
  <testcase name="shouldNotIndexNodeWhenAnotherNodeAlreadyIndexed" classname="org.neo4j.server.rest.web.DatabaseActionsTest" time="0.036"/>
  <testcase name="shouldBeAbleToGetPathsUsingDijkstraWithDefaults" classname="org.neo4j.server.rest.web.DatabaseActionsTest" time="0.043"/>
  <testcase name="getNodesWithLabelAndSeveralPropertiesShouldFail" classname="org.neo4j.server.rest.web.DatabaseActionsTest" time="0.005"/>
  <testcase name="getNodesWithLabel" classname="org.neo4j.server.rest.web.DatabaseActionsTest" time="0.019"/>
  <testcase name="shouldBeAbleToTraverseWithDefaultParameters" classname="org.neo4j.server.rest.web.DatabaseActionsTest" time="0.035"/>
  <testcase name="shouldOverwriteExistingProperties" classname="org.neo4j.server.rest.web.DatabaseActionsTest" time="0.012"/>
  <testcase name="shouldBeAbleToSetRelationshipProperties" classname="org.neo4j.server.rest.web.DatabaseActionsTest" time="0.011"/>
  <testcase name="shouldStoreRelationshipsBetweenTwoExistingNodes" classname="org.neo4j.server.rest.web.DatabaseActionsTest" time="0.01"/>
  <testcase name="shouldBeAbleToIndexNode" classname="org.neo4j.server.rest.web.DatabaseActionsTest" time="0.011"/>
  <testcase name="shouldHandleNoFoundPathsCorrectly" classname="org.neo4j.server.rest.web.DatabaseActionsTest" time="0.025"/>
  <testcase name="shouldDropPropertyUniquenessConstraint" classname="org.neo4j.server.rest.web.DatabaseActionsTest" time="0.044"/>
  <testcase name="shouldReturnTrueIfNodePropertyRemoved" classname="org.neo4j.server.rest.web.DatabaseActionsTest" time="0.01"/>
  <testcase name="shouldRemoveLabelFromNode" classname="org.neo4j.server.rest.web.DatabaseActionsTest" time="0.009"/>
  <testcase name="shouldBeAbleToSetRelationshipProperty" classname="org.neo4j.server.rest.web.DatabaseActionsTest" time="0.01"/>
  <testcase name="shouldCreateSchemaIndex" classname="org.neo4j.server.rest.web.DatabaseActionsTest" time="0.016"/>
  <testcase name="nodeInDatabaseShouldBeRetrievable" classname="org.neo4j.server.rest.web.DatabaseActionsTest" time="0.008"/>
  <testcase name="shouldBeAbleToFulltextIndex" classname="org.neo4j.server.rest.web.DatabaseActionsTest" time="0.053"/>
  <testcase name="shouldBeAbleToDeleteARelationship" classname="org.neo4j.server.rest.web.DatabaseActionsTest" time="0.006"/>
  <testcase name="shouldRemoveNodeWithNoRelationsFromDBOnDelete" classname="org.neo4j.server.rest.web.DatabaseActionsTest" time="0.005"/>
  <testcase name="shouldBeAbleToRemoveNodeFromIndexWithoutKeyValue" classname="org.neo4j.server.rest.web.DatabaseActionsTest" time="0.018"/>
  <testcase name="shouldStoreSuppliedPropertiesWhenCreatingRelationship" classname="org.neo4j.server.rest.web.DatabaseActionsTest" time="0.007"/>
  <testcase name="shouldBeAbleToTraverseWithMaxDepthAndPruneEvaluatorCombined" classname="org.neo4j.server.rest.web.DatabaseActionsTest" time="0.208"/>
  <testcase name="shouldGetExtendedNodeRepresentationsWhenGettingFromIndex" classname="org.neo4j.server.rest.web.DatabaseActionsTest" time="0.011"/>
  <testcase name="shouldAddLabelToNode" classname="org.neo4j.server.rest.web.DatabaseActionsTest" time="0.007"/>
  <testcase name="shouldAllowCreateRelationshipWithSameStartAsEndNode" classname="org.neo4j.server.rest.web.DatabaseActionsTest" time="0.006"/>
  <testcase name="shouldBeAbleToSetPropertyOnNode" classname="org.neo4j.server.rest.web.DatabaseActionsTest" time="0.006"/>
  <testcase name="shouldBeAbleToRetrieveARelationship" classname="org.neo4j.server.rest.web.DatabaseActionsTest" time="0.005"/>
  <testcase name="shouldBeAbleToTraverseDepthTwo" classname="org.neo4j.server.rest.web.DatabaseActionsTest" time="0.022"/>
  <testcase name="shouldBeAbleToGetRelationshipsIfSpecified" classname="org.neo4j.server.rest.web.DatabaseActionsTest" time="0.021"/>
  <testcase name="shouldBeAbleToUseCustomReturnFilter" classname="org.neo4j.server.rest.web.DatabaseActionsTest" time="0.028"/>
  <testcase name="shouldReturnFalseIfNodePropertyNotRemoved" classname="org.neo4j.server.rest.web.DatabaseActionsTest" time="0.007"/>
  <testcase name="shouldBeAbleToStorePropertiesInAnExistingNode" classname="org.neo4j.server.rest.web.DatabaseActionsTest" time="0.006"/>
  <testcase name="shouldRemoveRelationshipProperty" classname="org.neo4j.server.rest.web.DatabaseActionsTest" time="0.007"/>
  <testcase name="shouldListExistingLabelsOnNode" classname="org.neo4j.server.rest.web.DatabaseActionsTest" time="0.009"/>
  <testcase name="shouldNotIndexRelationshipWhenAnotherRelationshipAlreadyIndexed" classname="org.neo4j.server.rest.web.DatabaseActionsTest" time="0.014"/>
  <testcase name="shouldBeAbleToTraverseEverything" classname="org.neo4j.server.rest.web.DatabaseActionsTest" time="0.03"/>
  <testcase name="shouldIndexNodeOnlyOnce" classname="org.neo4j.server.rest.web.DatabaseActionsTest" time="0.009"/>
  <testcase name="shouldBeAbleToGetPropertyOnNode" classname="org.neo4j.server.rest.web.DatabaseActionsTest" time="0.008"/>
  <testcase name="shouldNotGetAnyRelationshipsWhenRetrievingFromNodeWithoutRelationships" classname="org.neo4j.server.rest.web.DatabaseActionsTest" time="0.006"/>
  <testcase name="shouldBeAbleToRemoveNodeProperties" classname="org.neo4j.server.rest.web.DatabaseActionsTest" time="0.009"/>
  <testcase name="shouldCreatePropertyUniquenessConstraint" classname="org.neo4j.server.rest.web.DatabaseActionsTest" time="0.012"/>
  <testcase name="settingAnEmptyArrayShouldWorkIfOriginalEntityHasAnEmptyArrayAsWell" classname="org.neo4j.server.rest.web.DatabaseActionsTest" time="0.009"/>
  <testcase name="shouldBeAbleToRetrieveRelationshipsFromNode" classname="org.neo4j.server.rest.web.DatabaseActionsTest" time="0.014"/>
  <testcase name="createdNodeShouldBeInDatabase" classname="org.neo4j.server.rest.web.DatabaseActionsTest" time="0.005"/>
  <testcase name="shouldGetSchemaIndexes" classname="org.neo4j.server.rest.web.DatabaseActionsTest" time="0.008"/>
  <testcase name="shouldBeAbleToGetPropertiesOnNode" classname="org.neo4j.server.rest.web.DatabaseActionsTest" time="0.006"/>
  <testcase name="shouldDropSchemaIndex" classname="org.neo4j.server.rest.web.DatabaseActionsTest" time="0.01"/>
  <testcase name="shouldBeAbleToGetPathsUsingDijkstra" classname="org.neo4j.server.rest.web.DatabaseActionsTest" time="0.024"/>
  <testcase name="shouldIndexRelationshipOnlyOnce" classname="org.neo4j.server.rest.web.DatabaseActionsTest" time="0.011"/>
  <testcase name="shouldBeAbleToRemoveNodeFromIndex" classname="org.neo4j.server.rest.web.DatabaseActionsTest" time="0.014"/>
  <testcase name="shouldBeAbleToRemoveNodeProperty" classname="org.neo4j.server.rest.web.DatabaseActionsTest" time="0.008"/>
  <testcase name="shouldNotCreateRelationshipBetweenNonExistentNodes" classname="org.neo4j.server.rest.web.DatabaseActionsTest" time="0.006"/>
  <testcase name="shouldGetPropertyUniquenessConstraint" classname="org.neo4j.server.rest.web.DatabaseActionsTest" time="0.011"/>
  <testcase name="shouldFailOnTryingToStoreMixedArraysAsAProperty" classname="org.neo4j.server.rest.web.DatabaseActionsTest" time="0.007"/>
  <testcase name="shouldBeAbleToGetPathsIfSpecified" classname="org.neo4j.server.rest.web.DatabaseActionsTest" time="0.022"/>
  <testcase name="shouldBeAbleToGetPropertiesOnRelationship" classname="org.neo4j.server.rest.web.DatabaseActionsTest" time="0.008"/>
  <testcase name="shouldRemoveRelationProperties" classname="org.neo4j.server.rest.web.DatabaseActionsTest" time="0.009"/>
</testsuite>